<?xml version="1.0" encoding="UTF-8"?>
<!-- Generated by org.testng.reporters.JUnitReportReporter -->
<testsuite hostname="DESKTOP-HR4HVE7" failures="0" tests="1" name="com.e2e.testcases.FirstTest" time="28.253" errors="0" timestamp="2022-05-03T18:11:13 IST" skipped="0">
  <testcase classname="com.e2e.testcases.FirstTest" name="tapAction" time="28.253"/>
  <system-out/>
</testsuite> <!-- com.e2e.testcases.FirstTest -->
